<?xml version="1.0" encoding="UTF-8"?>
<!-- Generated by org.testng.reporters.JUnitReportReporter -->
<testsuite hostname="ANKUR-MISHRA" failures="0" tests="1" name="Testng.ParallelEx2" time="0.006" errors="0" timestamp="2025-03-28T01:35:35 IST" skipped="0">
  <testcase classname="Testng.ParallelEx2" name="ParrentLogin" time="0.006"/>
</testsuite> <!-- Testng.ParallelEx2 -->
