<?xml version="1.0" encoding="UTF-8"?>
<!-- Generated by org.testng.reporters.JUnitReportReporter -->
<testsuite hostname="ANKUR-MISHRA" failures="0" tests="7" name="Testng.GroupingExample" time="0.023" errors="0" timestamp="2025-04-07T15:01:39 IST" skipped="0">
  <testcase classname="Testng.GroupingExample" name="moto1" time="0.002"/>
  <testcase classname="Testng.GroupingExample" name="moto2" time="0.002"/>
  <testcase classname="Testng.GroupingExample" name="vivo1" time="0.001"/>
  <testcase classname="Testng.GroupingExample" name="lenevo1" time="0.001"/>
  <testcase classname="Testng.GroupingExample" name="vivo2" time="0.003"/>
  <testcase classname="Testng.GroupingExample" name="apple2" time="0.001"/>
  <testcase classname="Testng.GroupingExample" name="apple1" time="0.013"/>
</testsuite> <!-- Testng.GroupingExample -->
