<?xml version="1.0" encoding="UTF-8"?>
<!-- Generated by org.testng.reporters.JUnitReportReporter -->
<testsuite hostname="ANKUR-MISHRA" failures="0" tests="1" name="Testng.SampleTestCase" time="0.015" errors="0" timestamp="2025-04-07T11:10:49 IST" skipped="0">
  <testcase classname="Testng.SampleTestCase" name="testMethod" time="0.015"/>
</testsuite> <!-- Testng.SampleTestCase -->
