<?xml version="1.0" encoding="UTF-8"?>
<!-- Generated by org.testng.reporters.JUnitReportReporter -->
<testsuite hostname="ANKUR-MISHRA" failures="0" tests="1" name="Testng.ParamExample1" time="0.035" errors="0" timestamp="2025-03-24T14:36:46 IST" skipped="0">
  <testcase classname="Testng.ParamExample1" name="sample1" time="0.035"/>
</testsuite> <!-- Testng.ParamExample1 -->
