<?xml version="1.0" encoding="UTF-8"?>
<!-- Generated by org.testng.reporters.JUnitReportReporter -->
<testsuite hostname="ANKUR-MISHRA" failures="0" tests="2" name="Testng.aSkipTest" time="0.005" errors="0" timestamp="2025-03-24T14:29:49 IST" skipped="1">
  <testcase classname="Testng.aSkipTest" name="nonSkipTest" time="0.002"/>
  <testcase classname="Testng.aSkipTest" name="askipTest" time="0.003">
    <skipped/>
  </testcase> <!-- askipTest -->
</testsuite> <!-- Testng.aSkipTest -->
