<?xml version="1.0" encoding="UTF-8"?>
<!-- Generated by org.testng.reporters.JUnitReportReporter -->
<testsuite hostname="ANKUR-MISHRA" failures="0" tests="2" name="Testng.GroupEx3" time="0.004" errors="0" timestamp="2025-03-24T14:29:49 IST" skipped="0">
  <testcase classname="Testng.GroupEx3" name="StudentDetails" time="0.002"/>
  <testcase classname="Testng.GroupEx3" name="StudentLogin" time="0.002"/>
</testsuite> <!-- Testng.GroupEx3 -->
