<?xml version="1.0" encoding="UTF-8"?>
<!-- Generated by org.testng.reporters.JUnitReportReporter -->
<testsuite hostname="ANKUR-MISHRA" failures="0" tests="1" name="Testng.AssertionExample" time="0.008" errors="0" timestamp="2025-03-28T00:05:46 IST" skipped="0">
  <testcase classname="Testng.AssertionExample" name="checkequal" time="0.008"/>
</testsuite> <!-- Testng.AssertionExample -->
