<?xml version="1.0" encoding="UTF-8"?>
<!-- Generated by org.testng.reporters.JUnitReportReporter -->
<testsuite hostname="ANKUR-MISHRA" failures="0" tests="3" name="Testng.ParallelEx4" time="26.613" errors="0" timestamp="2025-03-28T01:38:04 IST" skipped="0">
  <testcase classname="Testng.ParallelEx4" name="openHrm" time="10.998"/>
  <testcase classname="Testng.ParallelEx4" name="openUniversity" time="9.793"/>
  <testcase classname="Testng.ParallelEx4" name="openGoogle" time="5.822"/>
</testsuite> <!-- Testng.ParallelEx4 -->
