<?xml version="1.0" encoding="UTF-8"?>
<!-- Generated by org.testng.reporters.JUnitReportReporter -->
<testsuite hostname="ANKUR-MISHRA" failures="0" tests="11" name="Testng.InvocationExample" time="0.012" errors="0" timestamp="2025-03-24T14:29:49 IST" skipped="0">
  <testcase classname="Testng.InvocationExample" name="sample" time="0.000"/>
  <testcase classname="Testng.InvocationExample" name="sample" time="0.002"/>
  <testcase classname="Testng.InvocationExample" name="sample" time="0.000"/>
  <testcase classname="Testng.InvocationExample" name="sample" time="0.003"/>
  <testcase classname="Testng.InvocationExample" name="sample" time="0.002"/>
  <testcase classname="Testng.InvocationExample" name="sample" time="0.000"/>
  <testcase classname="Testng.InvocationExample" name="sample" time="0.001"/>
  <testcase classname="Testng.InvocationExample" name="sample1" time="0.001"/>
  <testcase classname="Testng.InvocationExample" name="sample" time="0.001"/>
  <testcase classname="Testng.InvocationExample" name="sample" time="0.001"/>
  <testcase classname="Testng.InvocationExample" name="sample" time="0.001"/>
</testsuite> <!-- Testng.InvocationExample -->
