<?xml version="1.0" encoding="UTF-8"?>
<!-- Generated by org.testng.reporters.JUnitReportReporter -->
<testsuite hostname="ANKUR-MISHRA" failures="0" tests="3" name="TestNG.first" time="0.020" errors="0" timestamp="2025-03-22T22:33:57 IST" skipped="0">
  <testcase classname="TestNG.first" name="testSubtraction" time="0.003"/>
  <testcase classname="TestNG.first" name="testAddition" time="0.015"/>
  <testcase classname="TestNG.first" name="testMultiplication" time="0.002"/>
</testsuite> <!-- TestNG.first -->
