<?xml version="1.0" encoding="UTF-8"?>
<!-- Generated by org.testng.reporters.JUnitReportReporter -->
<testsuite hostname="ANKUR-MISHRA" failures="0" tests="2" name="Testng.ParallelEx1" time="0.007" errors="0" timestamp="2025-03-28T01:35:35 IST" skipped="0">
  <testcase classname="Testng.ParallelEx1" name="FacultyLogin" time="0.001"/>
  <testcase classname="Testng.ParallelEx1" name="FacultyDetails" time="0.006"/>
</testsuite> <!-- Testng.ParallelEx1 -->
