<?xml version="1.0" encoding="UTF-8"?>
<!-- Generated by org.testng.reporters.JUnitReportReporter -->
<testsuite hostname="ANKUR-MISHRA" failures="0" tests="2" name="Testng.GroupEx1" time="0.003" errors="0" timestamp="2025-03-24T14:29:49 IST" skipped="0">
  <testcase classname="Testng.GroupEx1" name="FacultyDetails" time="0.001"/>
  <testcase classname="Testng.GroupEx1" name="FacultyLogin" time="0.002"/>
</testsuite> <!-- Testng.GroupEx1 -->
