<?xml version="1.0" encoding="UTF-8"?>
<!-- Generated by org.testng.reporters.JUnitReportReporter -->
<testsuite hostname="ANKUR-MISHRA" failures="0" tests="6" name="Testng.SkipATestCase" time="0.006" errors="0" timestamp="2025-03-24T14:29:49 IST" skipped="1">
  <testcase classname="Testng.SkipATestCase" name="startTheCar" time="0.001"/>
  <testcase classname="Testng.SkipATestCase" name="SwiftFirstGear" time="0.001"/>
  <testcase classname="Testng.SkipATestCase" name="SwiftSecondGear" time="0.002"/>
  <testcase classname="Testng.SkipATestCase" name="SwiftThirdGear" time="0.001"/>
  <testcase classname="Testng.SkipATestCase" name="SwiftFourthGear" time="0.001"/>
  <testcase classname="Testng.SkipATestCase" name="tutnMusicOn">
    <skipped/>
  </testcase> <!-- tutnMusicOn -->
</testsuite> <!-- Testng.SkipATestCase -->
