<?xml version="1.0" encoding="UTF-8"?>
<!-- Generated by org.testng.reporters.JUnitReportReporter -->
<testsuite hostname="ANKUR-MISHRA" failures="0" tests="2" name="Testng.AnnotationEx1" time="0.006" errors="0" timestamp="2025-03-28T15:21:51 IST" skipped="0">
  <testcase classname="Testng.AnnotationEx1" name="testCase1" time="0.005"/>
  <testcase classname="Testng.AnnotationEx1" name="testCase2" time="0.001"/>
</testsuite> <!-- Testng.AnnotationEx1 -->
