<?xml version="1.0" encoding="UTF-8"?>
<!-- Generated by org.testng.reporters.JUnitReportReporter -->
<testsuite hostname="ANKUR-MISHRA" failures="0" tests="3" name="Testng.DriverCarExample" time="0.003" errors="0" timestamp="2025-03-24T14:29:49 IST" skipped="0">
  <testcase classname="Testng.DriverCarExample" name="startTheCar" time="0.001"/>
  <testcase classname="Testng.DriverCarExample" name="SwiftFirstGear" time="0.001"/>
  <testcase classname="Testng.DriverCarExample" name="swiftSecondGear" time="0.001"/>
</testsuite> <!-- Testng.DriverCarExample -->
