<?xml version="1.0" encoding="UTF-8"?>
<!-- Generated by org.testng.reporters.JUnitReportReporter -->
<testsuite hostname="ANKUR-MISHRA" failures="0" tests="3" name="Testng.DataProviderEx1" time="0.011" errors="0" timestamp="2025-03-24T14:29:49 IST" skipped="0">
  <testcase classname="Testng.DataProviderEx1" name="Login" time="0.004"/>
  <testcase classname="Testng.DataProviderEx1" name="Login" time="0.003"/>
  <testcase classname="Testng.DataProviderEx1" name="Login" time="0.004"/>
</testsuite> <!-- Testng.DataProviderEx1 -->
