<?xml version="1.0" encoding="UTF-8"?>
<!-- Generated by org.testng.reporters.JUnitReportReporter -->
<testsuite hostname="ANKUR-MISHRA" failures="0" tests="3" name="Testng.DependencyManagement" time="0.016" errors="0" timestamp="2025-04-07T14:59:58 IST" skipped="0">
  <testcase classname="Testng.DependencyManagement" name="college" time="0.001"/>
  <testcase classname="Testng.DependencyManagement" name="highschool" time="0.014"/>
  <testcase classname="Testng.DependencyManagement" name="highersecondary" time="0.001"/>
</testsuite> <!-- Testng.DependencyManagement -->
