<?xml version="1.0" encoding="UTF-8"?>
<!-- Generated by org.testng.reporters.JUnitReportReporter -->
<testsuite hostname="ANKUR-MISHRA" failures="0" tests="3" name="Testng.DataProviderr" time="0.012" errors="0" timestamp="2025-04-07T11:34:38 IST" skipped="0">
  <testcase classname="Testng.DataProviderr" name="Login" time="0.002"/>
  <testcase classname="Testng.DataProviderr" name="Login" time="0.001"/>
  <testcase classname="Testng.DataProviderr" name="Login" time="0.009"/>
</testsuite> <!-- Testng.DataProviderr -->
